TN:
SF:src/genDiff.js
FN:3,(anonymous_0)
FN:6,(anonymous_1)
FNF:2
FNH:2
FNDA:1,(anonymous_0)
FNDA:5,(anonymous_1)
DA:3,1
DA:5,1
DA:6,1
DA:8,5
DA:9,1
DA:11,4
DA:12,2
DA:14,2
DA:15,1
DA:18,1
DA:24,1
LF:11
LH:11
BRDA:8,0,0,1
BRDA:8,0,1,4
BRDA:11,1,0,2
BRDA:11,1,1,2
BRDA:14,2,0,1
BRDA:14,2,1,1
BRF:6
BRH:6
end_of_record
TN:
SF:src/index.js
FN:6,(anonymous_0)
FN:8,(anonymous_1)
FN:15,(anonymous_2)
FN:18,(anonymous_3)
FNF:4
FNH:4
FNDA:2,(anonymous_0)
FNDA:2,(anonymous_1)
FNDA:1,(anonymous_2)
FNDA:2,(anonymous_3)
DA:6,2
DA:8,1
DA:9,2
DA:10,2
DA:12,2
DA:15,1
DA:16,1
DA:18,1
DA:19,2
DA:21,2
DA:22,0
DA:23,0
DA:25,2
DA:28,1
LF:14
LH:12
BRDA:21,0,0,0
BRDA:21,0,1,2
BRF:2
BRH:1
end_of_record
TN:
SF:src/parseData.js
FN:1,(anonymous_0)
FNF:1
FNH:1
FNDA:2,(anonymous_0)
DA:1,1
DA:2,2
DA:4,2
DA:5,2
DA:6,2
DA:8,0
DA:12,0
DA:14,0
LF:8
LH:5
BRDA:2,0,0,2
BRDA:2,0,1,0
BRDA:2,0,2,0
BRF:3
BRH:1
end_of_record
